     1                                  ;****************************************************************************************************************************
     2                                  ;Program Name: "Execution Speed".                                                                                           *
     3                                  ;This program will utilize the x86-64 microprocessor clock to measure the average time required to perform one              *
     4                                  ;floating point addition.                                                                                                   *
     5                                  ;Copyright (C) 2025 Kayla Ngo                                                                                               *
     6                                  ;                                                                                                                           *
     7                                  ;This file is part of the software program "Execution Speed".                                                               *
     8                                  ;"Execution Speed" is free software: you can redistribute it and/or modify it under the terms of the GNU General Public     *
     9                                  ;License version 3 as published by the Free Software Foundation.                                                            *
    10                                  ;"Execution Speed" is distributed in the hope that it will be useful, but WITHOUT ANY WARRANTY; without even                *
    11                                  ;the implied warranty of MERCHANTABILITY or FITNESS FOR A PARTICULAR PURPOSE.  See the GNU General Public License for more  *
    12                                  ;details.  A copy of the GNU General Public License v3 is available here:  <https://www.gnu.org/licenses/>.                 *
    13                                  ;****************************************************************************************************************************
    14                                  
    15                                  ;================================================================================================================================
    16                                  ;
    17                                  ;Author Information
    18                                  ;  Name: Kayla Ngo
    19                                  ;  Email: kngo29@csu.fullerton.edu
    20                                  ;  CWID: 885083436
    21                                  ;  Course: CPSC 240-09
    22                                  ;
    23                                  ;Program Information
    24                                  ;  Name: Execution Speed
    25                                  ;  Programming Languages:: x86-64
    26                                  ;  Effective Date: April 23, 2025
    27                                  ;  Latest Update: April 23, 2025
    28                                  ;  Date open source license added: April 23, 2025
    29                                  ;  Files: manager.asm, read_clock.asm, cvtt2n.asm, clock.cpp, r.sh
    30                                  ;  Status:
    31                                  ;  References Consulted: Ed Jorgensen, "x86-64 Assembly Language Programming with Ubuntu"
    32                                  ;  Future Upgrades:
    33                                  ;
    34                                  ;Purpose
    35                                  ;  This program will utilize the x86-64 microprocessor clock to measure the average time required to perform one
    36                                  ;  floating point addition. The unit of time for the clock of the CPU is "tic", and the speed of the processor
    37                                  ;  is measured by the number of tics produced per second.
    38                                  ;
    39                                  ;Development Information
    40                                  ;  OS: Ubuntu 24.04.2 LTS
    41                                  ;  Text Editor: Visual Studio Code
    42                                  ;  Tools: NASM
    43                                  ;
    44                                  ;Current File Information
    45                                  ;  Name: cvtt2n.asm
    46                                  ;  Language: x86 with Intel syntax.
    47                                  ;  Max page width: 130 columns
    48                                  ;  Assemble: nasm -f elf64 -l cvtt2n.lis -o cvtt2n.o cvtt2n.asm
    49                                  ;
    50                                  ;================================================================================================================================
    51                                  
    52                                  
    53                                  ;Declarations
    54                                  global    cvtt2n
    55                                  
    56                                  
    57                                  
    58                                  segment    .data
    59                                  ;Declare arrays initialized
    60                                  
    61                                  
    62                                  
    63                                  
    64                                  segment    .bss
    65                                  ;Declare arrays with no data initially
    66                                  
    67                                  
    68                                  
    69                                  
    70                                  segment    .text
    71                                  cvtt2n:
    72                                    ;Back-up GPRs
    73 00000000 55                        push    rbp
    74 00000001 4889E5                    mov    rbp, rsp
    75 00000004 53                        push    rbx
    76 00000005 51                        push    rcx
    77 00000006 52                        push    rdx
    78 00000007 56                        push    rsi
    79 00000008 57                        push    rdi
    80 00000009 4150                      push    r8
    81 0000000B 4151                      push    r9
    82 0000000D 4152                      push    r10
    83 0000000F 4153                      push    r11
    84 00000011 4154                      push    r12
    85 00000013 4155                      push    r13
    86 00000015 4156                      push    r14
    87 00000017 4157                      push    r15
    88 00000019 9C                        pushf
    89                                  
    90                                    ;Restore GPRs
    91 0000001A 9D                        popf
    92 0000001B 415F                      pop    r15
    93 0000001D 415E                      pop    r14
    94 0000001F 415D                      pop    r13
    95 00000021 415C                      pop    r12
    96 00000023 415B                      pop    r11
    97 00000025 415A                      pop    r10
    98 00000027 4159                      pop    r9
    99 00000029 4158                      pop    r8
   100 0000002B 5E                        pop    rsi
   101 0000002C 5F                        pop    rdi
   102 0000002D 5A                        pop    rdx
   103 0000002E 59                        pop    rcx
   104 0000002F 5B                        pop    rbx
   105 00000030 5D                        pop    rbp
